<?xml version="1.0" encoding="UTF-8"?>
<testng-results ignored="0" total="3" passed="3" failed="0" skipped="0">
  <reporter-output>
  </reporter-output>
  <suite started-at="2024-08-26T12:11:19Z" name="Suite" finished-at="2024-08-26T12:14:35Z" duration-ms="196256">
    <groups>
      <group name="submitord">
        <method signature="SubmitOrderTest.productValidation(java.util.HashMap)[pri:0, instance:RahulShettyFrameWork.SubmitOrderTest@19932c16]" name="productValidation" class="RahulShettyFrameWork.SubmitOrderTest"/>
      </group> <!-- submitord -->
      <group name="ErrorHanlding">
        <method signature="ErrorValidation.submitOrder()[pri:0, instance:RahulShettyFrameWork.ErrorValidation@1a245833]" name="submitOrder" class="RahulShettyFrameWork.ErrorValidation"/>
      </group> <!-- ErrorHanlding -->
    </groups>
    <test started-at="2024-08-26T12:11:19Z" name="Error Validation" finished-at="2024-08-26T12:12:57Z" duration-ms="97710">
      <class name="RahulShettyFrameWork.ErrorValidation">
        <test-method is-config="true" signature="launchApplication()[pri:0, instance:RahulShettyFrameWork.ErrorValidation@1a245833]" started-at="2024-08-26T12:11:19Z" name="launchApplication" finished-at="2024-08-26T12:11:55Z" duration-ms="35831" status="PASS">
          <reporter-output>
          </reporter-output>
        </test-method> <!-- launchApplication -->
        <test-method signature="submitOrder()[pri:0, instance:RahulShettyFrameWork.ErrorValidation@1a245833]" started-at="2024-08-26T12:11:55Z" name="submitOrder" finished-at="2024-08-26T12:12:54Z" duration-ms="59011" status="PASS">
          <reporter-output>
          </reporter-output>
        </test-method> <!-- submitOrder -->
        <test-method is-config="true" signature="tearDown()[pri:0, instance:RahulShettyFrameWork.ErrorValidation@1a245833]" started-at="2024-08-26T12:12:54Z" name="tearDown" finished-at="2024-08-26T12:12:57Z" duration-ms="2810" status="PASS">
          <reporter-output>
          </reporter-output>
        </test-method> <!-- tearDown -->
      </class> <!-- RahulShettyFrameWork.ErrorValidation -->
    </test> <!-- Error Validation -->
    <test started-at="2024-08-26T12:11:19Z" name="Submit order" finished-at="2024-08-26T12:14:35Z" duration-ms="196251">
      <class name="RahulShettyFrameWork.SubmitOrderTest">
        <test-method is-config="true" signature="launchApplication()[pri:0, instance:RahulShettyFrameWork.SubmitOrderTest@19932c16]" started-at="2024-08-26T12:11:20Z" name="launchApplication" finished-at="2024-08-26T12:11:55Z" duration-ms="34541" status="PASS">
          <reporter-output>
          </reporter-output>
        </test-method> <!-- launchApplication -->
        <test-method signature="productValidation(java.util.HashMap)[pri:0, instance:RahulShettyFrameWork.SubmitOrderTest@19932c16]" started-at="2024-08-26T12:11:55Z" name="productValidation" data-provider="getdata" finished-at="2024-08-26T12:13:13Z" duration-ms="78239" status="PASS">
          <params>
            <param index="0">
              <value>
                <![CDATA[{prodName=Echo Fit Compression Short, password=73535429@Ip, email=indrabirur89@gmail.com}]]>
              </value>
            </param>
          </params>
          <reporter-output>
          </reporter-output>
        </test-method> <!-- productValidation -->
        <test-method is-config="true" signature="tearDown()[pri:0, instance:RahulShettyFrameWork.SubmitOrderTest@19932c16]" started-at="2024-08-26T12:13:13Z" name="tearDown" finished-at="2024-08-26T12:13:14Z" duration-ms="1450" status="PASS">
          <reporter-output>
          </reporter-output>
        </test-method> <!-- tearDown -->
        <test-method is-config="true" signature="launchApplication()[pri:0, instance:RahulShettyFrameWork.SubmitOrderTest@19932c16]" started-at="2024-08-26T12:13:14Z" name="launchApplication" finished-at="2024-08-26T12:13:46Z" duration-ms="31702" status="PASS">
          <reporter-output>
          </reporter-output>
        </test-method> <!-- launchApplication -->
        <test-method signature="productValidation(java.util.HashMap)[pri:0, instance:RahulShettyFrameWork.SubmitOrderTest@19932c16]" started-at="2024-08-26T12:13:46Z" name="productValidation" data-provider="getdata" finished-at="2024-08-26T12:14:35Z" duration-ms="48871" status="PASS">
          <params>
            <param index="0">
              <value>
                <![CDATA[{prodName=Echo Fit Compression Short, password=73535429@Ip, email=indramb1234@gmail.com}]]>
              </value>
            </param>
          </params>
          <reporter-output>
          </reporter-output>
        </test-method> <!-- productValidation -->
        <test-method is-config="true" signature="tearDown()[pri:0, instance:RahulShettyFrameWork.SubmitOrderTest@19932c16]" started-at="2024-08-26T12:14:35Z" name="tearDown" finished-at="2024-08-26T12:14:35Z" duration-ms="646" status="PASS">
          <reporter-output>
          </reporter-output>
        </test-method> <!-- tearDown -->
      </class> <!-- RahulShettyFrameWork.SubmitOrderTest -->
    </test> <!-- Submit order -->
  </suite> <!-- Suite -->
</testng-results>
