<?xml version="1.0" encoding="UTF-8"?>
<testng-results ignored="1" total="3" passed="2" failed="0" skipped="0">
  <reporter-output>
  </reporter-output>
  <suite started-at="2024-08-26T09:46:46Z" name="Suite" finished-at="2024-08-26T09:49:50Z" duration-ms="183959">
    <groups>
      <group name="submitord">
        <method signature="SubmitOrderTest.productValidation(java.util.HashMap)[pri:0, instance:RahulShettyFrameWork.SubmitOrderTest@23f5b5dc]" name="productValidation" class="RahulShettyFrameWork.SubmitOrderTest"/>
      </group> <!-- submitord -->
    </groups>
    <test started-at="2024-08-26T09:46:46Z" name="Error Validation" finished-at="2024-08-26T09:46:46Z" duration-ms="32">
    </test> <!-- Error Validation -->
    <test started-at="2024-08-26T09:46:46Z" name="Submit order" finished-at="2024-08-26T09:49:50Z" duration-ms="183959">
      <class name="RahulShettyFrameWork.SubmitOrderTest">
        <test-method is-config="true" signature="launchApplication()[pri:0, instance:RahulShettyFrameWork.SubmitOrderTest@23f5b5dc]" started-at="2024-08-26T09:46:46Z" name="launchApplication" finished-at="2024-08-26T09:47:17Z" duration-ms="30939" status="PASS">
          <reporter-output>
          </reporter-output>
        </test-method> <!-- launchApplication -->
        <test-method signature="productValidation(java.util.HashMap)[pri:0, instance:RahulShettyFrameWork.SubmitOrderTest@23f5b5dc]" started-at="2024-08-26T09:47:17Z" name="productValidation" data-provider="getdata" finished-at="2024-08-26T09:48:11Z" duration-ms="54523" status="PASS">
          <params>
            <param index="0">
              <value>
                <![CDATA[{prodName=Echo Fit Compression Short, password=73535429@Ip, email=indrabirur89@gmail.com}]]>
              </value>
            </param>
          </params>
          <reporter-output>
          </reporter-output>
        </test-method> <!-- productValidation -->
        <test-method is-config="true" signature="tearDown()[pri:0, instance:RahulShettyFrameWork.SubmitOrderTest@23f5b5dc]" started-at="2024-08-26T09:48:11Z" name="tearDown" finished-at="2024-08-26T09:48:13Z" duration-ms="1204" status="PASS">
          <reporter-output>
          </reporter-output>
        </test-method> <!-- tearDown -->
        <test-method is-config="true" signature="launchApplication()[pri:0, instance:RahulShettyFrameWork.SubmitOrderTest@23f5b5dc]" started-at="2024-08-26T09:48:13Z" name="launchApplication" finished-at="2024-08-26T09:48:43Z" duration-ms="30073" status="PASS">
          <reporter-output>
          </reporter-output>
        </test-method> <!-- launchApplication -->
        <test-method signature="productValidation(java.util.HashMap)[pri:0, instance:RahulShettyFrameWork.SubmitOrderTest@23f5b5dc]" started-at="2024-08-26T09:48:43Z" name="productValidation" data-provider="getdata" finished-at="2024-08-26T09:49:45Z" duration-ms="61987" status="PASS">
          <params>
            <param index="0">
              <value>
                <![CDATA[{prodName=Echo Fit Compression Short, password=73535429@Ip, email=indramb1234@gmail.com}]]>
              </value>
            </param>
          </params>
          <reporter-output>
          </reporter-output>
        </test-method> <!-- productValidation -->
        <test-method is-config="true" signature="tearDown()[pri:0, instance:RahulShettyFrameWork.SubmitOrderTest@23f5b5dc]" started-at="2024-08-26T09:49:45Z" name="tearDown" finished-at="2024-08-26T09:49:50Z" duration-ms="4809" status="PASS">
          <reporter-output>
          </reporter-output>
        </test-method> <!-- tearDown -->
      </class> <!-- RahulShettyFrameWork.SubmitOrderTest -->
    </test> <!-- Submit order -->
  </suite> <!-- Suite -->
</testng-results>
